xecution failed for task ':llama:buildCMakeRelease[x86_64]'.
> com.android.ide.common.process.ProcessException: ninja: Entering directory `/home/oznfc/workdir/nexa/test/nexa-sdk/android/llama/.cxx/Release/1eax632l/x86_64'
  [1/2] Building CXX object CMakeFiles/deepseek-android.dir/deepseek-android.cpp.o
  FAILED: CMakeFiles/deepseek-android.dir/deepseek-android.cpp.o 
  /home/oznfc/Android/Sdk/ndk/27.0.12077973/toolchains/llvm/prebuilt/linux-x86_64/bin/clang++ --target=x86_64-none-linux-android33 --sysroot=/home/oznfc/Android/Sdk/ndk/27.0.12077973/toolchains/llvm/prebuilt/linux-x86_64/sysroot -DGGML_BACKEND_SHARED -DGGML_SHARED -DGGML_USE_CPU -DLLAMA_SHARED -Ddeepseek_android_EXPORTS -I/home/oznfc/workdir/nexa/test/nexa-sdk/android/llama/.cxx/Release/1eax632l/x86_64/_deps/json-src/include -I/home/oznfc/workdir/nexa/test/nexa-sdk/android/llama/.cxx/Release/1eax632l/x86_64/_deps/llama-src/src/. -I/home/oznfc/workdir/nexa/test/nexa-sdk/android/llama/.cxx/Release/1eax632l/x86_64/_deps/llama-src/src/../include -I/home/oznfc/workdir/nexa/test/nexa-sdk/android/llama/.cxx/Release/1eax632l/x86_64/_deps/llama-src/src/../common -I/home/oznfc/workdir/nexa/test/nexa-sdk/android/llama/.cxx/Release/1eax632l/x86_64/_deps/llama-src/ggml/src/../include -I/home/oznfc/workdir/nexa/test/nexa-sdk/android/llama/.cxx/Release/1eax632l/x86_64/_deps/llama-src/common/. -g -DANDROID -fdata-sections -ffunction-sections -funwind-tables -fstack-protector-strong -no-canonical-prefixes -D_FORTIFY_SOURCE=2 -Wformat -Werror=format-security   -O3 -DNDEBUG  -fPIC -pthread -MD -MT CMakeFiles/deepseek-android.dir/deepseek-android.cpp.o -MF CMakeFiles/deepseek-android.dir/deepseek-android.cpp.o.d -o CMakeFiles/deepseek-android.dir/deepseek-android.cpp.o -c /home/oznfc/workdir/nexa/test/nexa-sdk/android/llama/src/main/cpp/deepseek-android.cpp
  In file included from /home/oznfc/workdir/nexa/test/nexa-sdk/android/llama/src/main/cpp/deepseek-android.cpp:8:
  /home/oznfc/workdir/nexa/test/nexa-sdk/android/llama/src/main/cpp/deepseek-wrapper.cpp:40:52: error: no member named 'thread' in namespace 'std'
     40 |     int32_t n_threads = std::min(4, (int32_t) std::thread::hardware_concurrency());
        |                                               ~~~~~^
  /home/oznfc/workdir/nexa/test/nexa-sdk/android/llama/src/main/cpp/deepseek-wrapper.cpp:56:13: warning: 'llama_load_model_from_file' is deprecated: use llama_model_load_from_file instead [-Wdeprecated-declarations]
     56 |     model = llama_load_model_from_file(model_path, model_params);
        |             ^
  /home/oznfc/workdir/nexa/test/nexa-sdk/android/llama/.cxx/Release/1eax632l/x86_64/_deps/llama-src/src/../include/llama.h:414:5: note: 'llama_load_model_from_file' has been explicitly marked deprecated here
    414 |     DEPRECATED(LLAMA_API struct llama_model * llama_load_model_from_file(
        |     ^
  /home/oznfc/workdir/nexa/test/nexa-sdk/android/llama/.cxx/Release/1eax632l/x86_64/_deps/llama-src/src/../include/llama.h:28:56: note: expanded from macro 'DEPRECATED'
     28 | #    define DEPRECATED(func, hint) func __attribute__((deprecated(hint)))
        |                                                        ^
  In file included from /home/oznfc/workdir/nexa/test/nexa-sdk/android/llama/src/main/cpp/deepseek-android.cpp:8:
  /home/oznfc/workdir/nexa/test/nexa-sdk/android/llama/src/main/cpp/deepseek-wrapper.cpp:80:22: warning: 'llama_new_context_with_model' is deprecated: use llama_init_from_model instead [-Wdeprecated-declarations]
     80 |     ctx->ctx_llama = llama_new_context_with_model(model, ctx_params);
        |                      ^
  /home/oznfc/workdir/nexa/test/nexa-sdk/android/llama/.cxx/Release/1eax632l/x86_64/_deps/llama-src/src/../include/llama.h:442:5: note: 'llama_new_context_with_model' has been explicitly marked deprecated here
    442 |     DEPRECATED(LLAMA_API struct llama_context * llama_new_context_with_model(
        |     ^
  /home/oznfc/workdir/nexa/test/nexa-sdk/android/llama/.cxx/Release/1eax632l/x86_64/_deps/llama-src/src/../include/llama.h:28:56: note: expanded from macro 'DEPRECATED'
     28 | #    define DEPRECATED(func, hint) func __attribute__((deprecated(hint)))
        |                                                        ^
  In file included from /home/oznfc/workdir/nexa/test/nexa-sdk/android/llama/src/main/cpp/deepseek-android.cpp:8:
  /home/oznfc/workdir/nexa/test/nexa-sdk/android/llama/src/main/cpp/deepseek-wrapper.cpp:101:9: warning: 'llama_free_model' is deprecated: use llama_model_free instead [-Wdeprecated-declarations]
    101 |         llama_free_model(model);
        |         ^
  /home/oznfc/workdir/nexa/test/nexa-sdk/android/llama/.cxx/Release/1eax632l/x86_64/_deps/llama-src/src/../include/llama.h:433:5: note: 'llama_free_model' has been explicitly marked deprecated here
    433 |     DEPRECATED(LLAMA_API void llama_free_model(struct llama_model * model),
        |     ^
  /home/oznfc/workdir/nexa/test/nexa-sdk/android/llama/.cxx/Release/1eax632l/x86_64/_deps/llama-src/src/../include/llama.h:28:56: note: expanded from macro 'DEPRECATED'
     28 | #    define DEPRECATED(func, hint) func __attribute__((deprecated(hint)))
        |                                                        ^
  /home/oznfc/workdir/nexa/test/nexa-sdk/android/llama/src/main/cpp/deepseek-android.cpp:43:5: error: use of undeclared identifier 'eval_string'
     43 |     eval_string(ctx_deepseek->ctx_llama, params.prompt.c_str(), params.n_batch, n_past, true);
        |     ^
  /home/oznfc/workdir/nexa/test/nexa-sdk/android/llama/src/main/cpp/deepseek-android.cpp:45:36: error: use of undeclared identifier 'common_sampler_init'
     45 |     struct common_sampler * smpl = common_sampler_init(ctx_deepseek->model, params.sampling);
        |                                    ^
  /home/oznfc/workdir/nexa/test/nexa-sdk/android/llama/src/main/cpp/deepseek-android.cpp:60:24: error: use of undeclared identifier 'sample'
     60 |     const char * tmp = sample(sampler, ctx_deepseek->ctx_llama, n_past);
        |                        ^
  /home/oznfc/workdir/nexa/test/nexa-sdk/android/llama/src/main/cpp/deepseek-android.cpp:70:5: error: use of undeclared identifier 'common_sampler_free'; did you mean 'common_sampler_type'?
     70 |     common_sampler_free(sampler);
        |     ^
  /home/oznfc/workdir/nexa/test/nexa-sdk/android/llama/.cxx/Release/1eax632l/x86_64/_deps/llama-src/src/../common/common.h:87:6: note: 'common_sampler_type' declared here
     87 | enum common_sampler_type {
        |      ^
  3 warnings and 5 errors generated.
  ninja: build stopped: subcommand failed.

* Try:
> Run with --info or --debug option to get more log output.
> Run with --scan to get full insights.
> Get more help at https://help.gradle.org.

* Exception is:
org.gradle.api.tasks.TaskExecutionException: Execution failed for task ':llama:buildCMakeRelease[x86_64]'.
	at org.gradle.api.internal.tasks.execution.ExecuteActionsTaskExecuter.lambda$executeIfValid$1(ExecuteActionsTaskExecuter.java:130)
	at org.gradle.internal.Try$Failure.ifSuccessfulOrElse(Try.java:293)
	at org.gradle.api.internal.tasks.execution.ExecuteActionsTaskExecuter.executeIfValid(ExecuteActionsTaskExecuter.java:128)
	at org.gradle.api.internal.tasks.execution.ExecuteActionsTaskExecuter.execute(ExecuteActionsTaskExecuter.java:116)
	at org.gradle.api.internal.tasks.execution.FinalizePropertiesTaskExecuter.execute(FinalizePropertiesTaskExecuter.java:46)
	at org.gradle.api.internal.tasks.execution.ResolveTaskExecutionModeExecuter.execute(ResolveTaskExecutionModeExecuter.java:51)
	at org.gradle.api.internal.tasks.execution.SkipTaskWithNoActionsExecuter.execute(SkipTaskWithNoActionsExecuter.java:57)
	at org.gradle.api.internal.tasks.execution.SkipOnlyIfTaskExecuter.execute(SkipOnlyIfTaskExecuter.java:74)
	at org.gradle.api.internal.tasks.execution.CatchExceptionTaskExecuter.execute(CatchExceptionTaskExecuter.java:36)
	at org.gradle.api.internal.tasks.execution.EventFiringTaskExecuter$1.executeTask(EventFiringTaskExecuter.java:77)
	at org.gradle.api.internal.tasks.execution.EventFiringTaskExecuter$1.call(EventFiringTaskExecuter.java:55)
	at org.gradle.api.internal.tasks.execution.EventFiringTaskExecuter$1.call(EventFiringTaskExecuter.java:52)
	at org.gradle.internal.operations.DefaultBuildOperationRunner$CallableBuildOperationWorker.execute(DefaultBuildOperationRunner.java:209)
	at org.gradle.internal.operations.DefaultBuildOperationRunner$CallableBuildOperationWorker.execute(DefaultBuildOperationRunner.java:204)
	at org.gradle.internal.operations.DefaultBuildOperationRunner$2.execute(DefaultBuildOperationRunner.java:66)
	at org.gradle.internal.operations.DefaultBuildOperationRunner$2.execute(DefaultBuildOperationRunner.java:59)
	at org.gradle.internal.operations.DefaultBuildOperationRunner.execute(DefaultBuildOperationRunner.java:166)
	at org.gradle.internal.operations.DefaultBuildOperationRunner.execute(DefaultBuildOperationRunner.java:59)
	at org.gradle.internal.operations.DefaultBuildOperationRunner.call(DefaultBuildOperationRunner.java:53)
	at org.gradle.api.internal.tasks.execution.EventFiringTaskExecuter.execute(EventFiringTaskExecuter.java:52)
	at org.gradle.execution.plan.LocalTaskNodeExecutor.execute(LocalTaskNodeExecutor.java:42)
	at org.gradle.execution.taskgraph.DefaultTaskExecutionGraph$InvokeNodeExecutorsAction.execute(DefaultTaskExecutionGraph.java:331)
	at org.gradle.execution.taskgraph.DefaultTaskExecutionGraph$InvokeNodeExecutorsAction.execute(DefaultTaskExecutionGraph.java:318)
	at org.gradle.execution.taskgraph.DefaultTaskExecutionGraph$BuildOperationAwareExecutionAction.lambda$execute$0(DefaultTaskExecutionGraph.java:314)
	at org.gradle.internal.operations.CurrentBuildOperationRef.with(CurrentBuildOperationRef.java:85)
	at org.gradle.execution.taskgraph.DefaultTaskExecutionGraph$BuildOperationAwareExecutionAction.execute(DefaultTaskExecutionGraph.java:314)
	at org.gradle.execution.taskgraph.DefaultTaskExecutionGraph$BuildOperationAwareExecutionAction.execute(DefaultTaskExecutionGraph.java:303)
	at org.gradle.execution.plan.DefaultPlanExecutor$ExecutorWorker.execute(DefaultPlanExecutor.java:459)
	at org.gradle.execution.plan.DefaultPlanExecutor$ExecutorWorker.run(DefaultPlanExecutor.java:376)
	at org.gradle.execution.plan.DefaultPlanExecutor.process(DefaultPlanExecutor.java:111)
	at org.gradle.execution.taskgraph.DefaultTaskExecutionGraph.executeWithServices(DefaultTaskExecutionGraph.java:138)
	at org.gradle.execution.taskgraph.DefaultTaskExecutionGraph.execute(DefaultTaskExecutionGraph.java:123)
	at org.gradle.execution.SelectedTaskExecutionAction.execute(SelectedTaskExecutionAction.java:35)
	at org.gradle.execution.DryRunBuildExecutionAction.execute(DryRunBuildExecutionAction.java:51)
	at org.gradle.execution.BuildOperationFiringBuildWorkerExecutor$ExecuteTasks.call(BuildOperationFiringBuildWorkerExecutor.java:54)
	at org.gradle.execution.BuildOperationFiringBuildWorkerExecutor$ExecuteTasks.call(BuildOperationFiringBuildWorkerExecutor.java:43)
	at org.gradle.internal.operations.DefaultBuildOperationRunner$CallableBuildOperationWorker.execute(DefaultBuildOperationRunner.java:209)
	at org.gradle.internal.operations.DefaultBuildOperationRunner$CallableBuildOperationWorker.execute(DefaultBuildOperationRunner.java:204)
	at org.gradle.internal.operations.DefaultBuildOperationRunner$2.execute(DefaultBuildOperationRunner.java:66)
	at org.gradle.internal.operations.DefaultBuildOperationRunner$2.execute(DefaultBuildOperationRunner.java:59)
	at org.gradle.internal.operations.DefaultBuildOperationRunner.execute(DefaultBuildOperationRunner.java:166)
	at org.gradle.internal.operations.DefaultBuildOperationRunner.execute(DefaultBuildOperationRunner.java:59)
	at org.gradle.internal.operations.DefaultBuildOperationRunner.call(DefaultBuildOperationRunner.java:53)
	at org.gradle.execution.BuildOperationFiringBuildWorkerExecutor.execute(BuildOperationFiringBuildWorkerExecutor.java:40)
	at org.gradle.internal.build.DefaultBuildLifecycleController.lambda$executeTasks$10(DefaultBuildLifecycleController.java:313)
	at org.gradle.internal.model.StateTransitionController.doTransition(StateTransitionController.java:266)
	at org.gradle.internal.model.StateTransitionController.lambda$tryTransition$8(StateTransitionController.java:177)
	at org.gradle.internal.work.DefaultSynchronizer.withLock(DefaultSynchronizer.java:44)
	at org.gradle.internal.model.StateTransitionController.tryTransition(StateTransitionController.java:177)
	at org.gradle.internal.build.DefaultBuildLifecycleController.executeTasks(DefaultBuildLifecycleController.java:304)
	at org.gradle.internal.build.DefaultBuildWorkGraphController$DefaultBuildWorkGraph.runWork(DefaultBuildWorkGraphController.java:220)
	at org.gradle.internal.work.DefaultWorkerLeaseService.withLocks(DefaultWorkerLeaseService.java:267)
	at org.gradle.internal.work.DefaultWorkerLeaseService.runAsWorkerThread(DefaultWorkerLeaseService.java:131)
	at org.gradle.composite.internal.DefaultBuildController.doRun(DefaultBuildController.java:181)
	at org.gradle.composite.internal.DefaultBuildController.access$000(DefaultBuildController.java:50)
	at org.gradle.composite.internal.DefaultBuildController$BuildOpRunnable.lambda$run$0(DefaultBuildController.java:198)
	at org.gradle.internal.operations.CurrentBuildOperationRef.with(CurrentBuildOperationRef.java:85)
	at org.gradle.composite.internal.DefaultBuildController$BuildOpRunnable.run(DefaultBuildController.java:198)
	at org.gradle.internal.concurrent.ExecutorPolicy$CatchAndRecordFailures.onExecute(ExecutorPolicy.java:64)
	at org.gradle.internal.concurrent.AbstractManagedExecutor$1.run(AbstractManagedExecutor.java:48)
Caused by: org.gradle.internal.UncheckedException: com.android.ide.common.process.ProcessException: ninja: Entering directory `/home/oznfc/workdir/nexa/test/nexa-sdk/android/llama/.cxx/Release/1eax632l/x86_64'
[1/2] Building CXX object CMakeFiles/deepseek-android.dir/deepseek-android.cpp.o
FAILED: CMakeFiles/deepseek-android.dir/deepseek-android.cpp.o 
/home/oznfc/Android/Sdk/ndk/27.0.12077973/toolchains/llvm/prebuilt/linux-x86_64/bin/clang++ --target=x86_64-none-linux-android33 --sysroot=/home/oznfc/Android/Sdk/ndk/27.0.12077973/toolchains/llvm/prebuilt/linux-x86_64/sysroot -DGGML_BACKEND_SHARED -DGGML_SHARED -DGGML_USE_CPU -DLLAMA_SHARED -Ddeepseek_android_EXPORTS -I/home/oznfc/workdir/nexa/test/nexa-sdk/android/llama/.cxx/Release/1eax632l/x86_64/_deps/json-src/include -I/home/oznfc/workdir/nexa/test/nexa-sdk/android/llama/.cxx/Release/1eax632l/x86_64/_deps/llama-src/src/. -I/home/oznfc/workdir/nexa/test/nexa-sdk/android/llama/.cxx/Release/1eax632l/x86_64/_deps/llama-src/src/../include -I/home/oznfc/workdir/nexa/test/nexa-sdk/android/llama/.cxx/Release/1eax632l/x86_64/_deps/llama-src/src/../common -I/home/oznfc/workdir/nexa/test/nexa-sdk/android/llama/.cxx/Release/1eax632l/x86_64/_deps/llama-src/ggml/src/../include -I/home/oznfc/workdir/nexa/test/nexa-sdk/android/llama/.cxx/Release/1eax632l/x86_64/_deps/llama-src/common/. -g -DANDROID -fdata-sections -ffunction-sections -funwind-tables -fstack-protector-strong -no-canonical-prefixes -D_FORTIFY_SOURCE=2 -Wformat -Werror=format-security   -O3 -DNDEBUG  -fPIC -pthread -MD -MT CMakeFiles/deepseek-android.dir/deepseek-android.cpp.o -MF CMakeFiles/deepseek-android.dir/deepseek-android.cpp.o.d -o CMakeFiles/deepseek-android.dir/deepseek-android.cpp.o -c /home/oznfc/workdir/nexa/test/nexa-sdk/android/llama/src/main/cpp/deepseek-android.cpp
In file included from /home/oznfc/workdir/nexa/test/nexa-sdk/android/llama/src/main/cpp/deepseek-android.cpp:8:
/home/oznfc/workdir/nexa/test/nexa-sdk/android/llama/src/main/cpp/deepseek-wrapper.cpp:40:52: error: no member named 'thread' in namespace 'std'
   40 |     int32_t n_threads = std::min(4, (int32_t) std::thread::hardware_concurrency());
      |                                               ~~~~~^
/home/oznfc/workdir/nexa/test/nexa-sdk/android/llama/src/main/cpp/deepseek-wrapper.cpp:56:13: warning: 'llama_load_model_from_file' is deprecated: use llama_model_load_from_file instead [-Wdeprecated-declarations]
   56 |     model = llama_load_model_from_file(model_path, model_params);
      |             ^
/home/oznfc/workdir/nexa/test/nexa-sdk/android/llama/.cxx/Release/1eax632l/x86_64/_deps/llama-src/src/../include/llama.h:414:5: note: 'llama_load_model_from_file' has been explicitly marked deprecated here
  414 |     DEPRECATED(LLAMA_API struct llama_model * llama_load_model_from_file(
      |     ^
/home/oznfc/workdir/nexa/test/nexa-sdk/android/llama/.cxx/Release/1eax632l/x86_64/_deps/llama-src/src/../include/llama.h:28:56: note: expanded from macro 'DEPRECATED'
   28 | #    define DEPRECATED(func, hint) func __attribute__((deprecated(hint)))
      |                                                        ^
In file included from /home/oznfc/workdir/nexa/test/nexa-sdk/android/llama/src/main/cpp/deepseek-android.cpp:8:
/home/oznfc/workdir/nexa/test/nexa-sdk/android/llama/src/main/cpp/deepseek-wrapper.cpp:80:22: warning: 'llama_new_context_with_model' is deprecated: use llama_init_from_model instead [-Wdeprecated-declarations]
   80 |     ctx->ctx_llama = llama_new_context_with_model(model, ctx_params);
      |                      ^
/home/oznfc/workdir/nexa/test/nexa-sdk/android/llama/.cxx/Release/1eax632l/x86_64/_deps/llama-src/src/../include/llama.h:442:5: note: 'llama_new_context_with_model' has been explicitly marked deprecated here
  442 |     DEPRECATED(LLAMA_API struct llama_context * llama_new_context_with_model(
      |     ^
/home/oznfc/workdir/nexa/test/nexa-sdk/android/llama/.cxx/Release/1eax632l/x86_64/_deps/llama-src/src/../include/llama.h:28:56: note: expanded from macro 'DEPRECATED'
   28 | #    define DEPRECATED(func, hint) func __attribute__((deprecated(hint)))
      |                                                        ^
In file included from /home/oznfc/workdir/nexa/test/nexa-sdk/android/llama/src/main/cpp/deepseek-android.cpp:8:
/home/oznfc/workdir/nexa/test/nexa-sdk/android/llama/src/main/cpp/deepseek-wrapper.cpp:101:9: warning: 'llama_free_model' is deprecated: use llama_model_free instead [-Wdeprecated-declarations]
  101 |         llama_free_model(model);
      |         ^
/home/oznfc/workdir/nexa/test/nexa-sdk/android/llama/.cxx/Release/1eax632l/x86_64/_deps/llama-src/src/../include/llama.h:433:5: note: 'llama_free_model' has been explicitly marked deprecated here
  433 |     DEPRECATED(LLAMA_API void llama_free_model(struct llama_model * model),
      |     ^
/home/oznfc/workdir/nexa/test/nexa-sdk/android/llama/.cxx/Release/1eax632l/x86_64/_deps/llama-src/src/../include/llama.h:28:56: note: expanded from macro 'DEPRECATED'
   28 | #    define DEPRECATED(func, hint) func __attribute__((deprecated(hint)))
      |                                                        ^
/home/oznfc/workdir/nexa/test/nexa-sdk/android/llama/src/main/cpp/deepseek-android.cpp:43:5: error: use of undeclared identifier 'eval_string'
   43 |     eval_string(ctx_deepseek->ctx_llama, params.prompt.c_str(), params.n_batch, n_past, true);
      |     ^
/home/oznfc/workdir/nexa/test/nexa-sdk/android/llama/src/main/cpp/deepseek-android.cpp:45:36: error: use of undeclared identifier 'common_sampler_init'
   45 |     struct common_sampler * smpl = common_sampler_init(ctx_deepseek->model, params.sampling);
      |                                    ^
/home/oznfc/workdir/nexa/test/nexa-sdk/android/llama/src/main/cpp/deepseek-android.cpp:60:24: error: use of undeclared identifier 'sample'
   60 |     const char * tmp = sample(sampler, ctx_deepseek->ctx_llama, n_past);
      |                        ^
/home/oznfc/workdir/nexa/test/nexa-sdk/android/llama/src/main/cpp/deepseek-android.cpp:70:5: error: use of undeclared identifier 'common_sampler_free'; did you mean 'common_sampler_type'?
   70 |     common_sampler_free(sampler);
      |     ^
/home/oznfc/workdir/nexa/test/nexa-sdk/android/llama/.cxx/Release/1eax632l/x86_64/_deps/llama-src/src/../common/common.h:87:6: note: 'common_sampler_type' declared here
   87 | enum common_sampler_type {
      |      ^
3 warnings and 5 errors generated.
ninja: build stopped: subcommand failed.

C++ build system [build] failed while executing:
    /home/oznfc/Android/Sdk/cmake/3.22.1/bin/ninja \
      -C \
      /home/oznfc/workdir/nexa/test/nexa-sdk/android/llama/.cxx/Release/1eax632l/x86_64 \
      audio-android \
      deepseek-android \
      ggml \
      ggml-base \
      ggml-cpu \
      llama \
      llama-android \
      llama-llava-cli \
      llama-llava-clip-quantize-cli \
      llama-minicpmv-cli \
      llama-qwen2vl-cli \
      llava_shared \
      nexa-omni-cli \
      omni-android \
      omni-vlm-cli \
      omni_audio_shared \
      omni_vlm_shared \
      omni_vlm_wrapper_shared
  from /home/oznfc/workdir/nexa/test/nexa-sdk/android/llama
	at org.gradle.internal.UncheckedException.throwAsUncheckedException(UncheckedException.java:69)
	at org.gradle.internal.UncheckedException.throwAsUncheckedException(UncheckedException.java:42)
	at org.gradle.internal.reflect.JavaMethod.invoke(JavaMethod.java:128)
	at org.gradle.api.internal.project.taskfactory.StandardTaskAction.doExecute(StandardTaskAction.java:58)
	at org.gradle.api.internal.project.taskfactory.StandardTaskAction.execute(StandardTaskAction.java:51)
	at org.gradle.api.internal.project.taskfactory.StandardTaskAction.execute(StandardTaskAction.java:29)
	at org.gradle.api.internal.tasks.execution.TaskExecution$3.run(TaskExecution.java:244)
	at org.gradle.internal.operations.DefaultBuildOperationRunner$1.execute(DefaultBuildOperationRunner.java:29)
	at org.gradle.internal.operations.DefaultBuildOperationRunner$1.execute(DefaultBuildOperationRunner.java:26)
	at org.gradle.internal.operations.DefaultBuildOperationRunner$2.execute(DefaultBuildOperationRunner.java:66)
	at org.gradle.internal.operations.DefaultBuildOperationRunner$2.execute(DefaultBuildOperationRunner.java:59)
	at org.gradle.internal.operations.DefaultBuildOperationRunner.execute(DefaultBuildOperationRunner.java:166)
	at org.gradle.internal.operations.DefaultBuildOperationRunner.execute(DefaultBuildOperationRunner.java:59)
	at org.gradle.internal.operations.DefaultBuildOperationRunner.run(DefaultBuildOperationRunner.java:47)
	at org.gradle.api.internal.tasks.execution.TaskExecution.executeAction(TaskExecution.java:229)
	at org.gradle.api.internal.tasks.execution.TaskExecution.executeActions(TaskExecution.java:212)
	at org.gradle.api.internal.tasks.execution.TaskExecution.executeWithPreviousOutputFiles(TaskExecution.java:195)
	at org.gradle.api.internal.tasks.execution.TaskExecution.execute(TaskExecution.java:162)
	at org.gradle.internal.execution.steps.ExecuteStep.executeInternal(ExecuteStep.java:105)
	at org.gradle.internal.execution.steps.ExecuteStep.access$000(ExecuteStep.java:44)
	at org.gradle.internal.execution.steps.ExecuteStep$1.call(ExecuteStep.java:59)
	at org.gradle.internal.execution.steps.ExecuteStep$1.call(ExecuteStep.java:56)
	at org.gradle.internal.operations.DefaultBuildOperationRunner$CallableBuildOperationWorker.execute(DefaultBuildOperationRunner.java:209)
	at org.gradle.internal.operations.DefaultBuildOperationRunner$CallableBuildOperationWorker.execute(DefaultBuildOperationRunner.java:204)
	at org.gradle.internal.operations.DefaultBuildOperationRunner$2.execute(DefaultBuildOperationRunner.java:66)
	at org.gradle.internal.operations.DefaultBuildOperationRunner$2.execute(DefaultBuildOperationRunner.java:59)
	at org.gradle.internal.operations.DefaultBuildOperationRunner.execute(DefaultBuildOperationRunner.java:166)
	at org.gradle.internal.operations.DefaultBuildOperationRunner.execute(DefaultBuildOperationRunner.java:59)
	at org.gradle.internal.operations.DefaultBuildOperationRunner.call(DefaultBuildOperationRunner.java:53)
	at org.gradle.internal.execution.steps.ExecuteStep.execute(ExecuteStep.java:56)
	at org.gradle.internal.execution.steps.ExecuteStep.execute(ExecuteStep.java:44)
	at org.gradle.internal.execution.steps.CancelExecutionStep.execute(CancelExecutionStep.java:42)
	at org.gradle.internal.execution.steps.TimeoutStep.executeWithoutTimeout(TimeoutStep.java:75)
	at org.gradle.internal.execution.steps.TimeoutStep.execute(TimeoutStep.java:55)
	at org.gradle.internal.execution.steps.PreCreateOutputParentsStep.execute(PreCreateOutputParentsStep.java:50)
	at org.gradle.internal.execution.steps.PreCreateOutputParentsStep.execute(PreCreateOutputParentsStep.java:28)
	at org.gradle.internal.execution.steps.RemovePreviousOutputsStep.execute(RemovePreviousOutputsStep.java:67)
	at org.gradle.internal.execution.steps.RemovePreviousOutputsStep.execute(RemovePreviousOutputsStep.java:37)
	at org.gradle.internal.execution.steps.BroadcastChangingOutputsStep.execute(BroadcastChangingOutputsStep.java:61)
	at org.gradle.internal.execution.steps.BroadcastChangingOutputsStep.execute(BroadcastChangingOutputsStep.java:26)
	at org.gradle.internal.execution.steps.CaptureOutputsAfterExecutionStep.execute(CaptureOutputsAfterExecutionStep.java:69)
	at org.gradle.internal.execution.steps.CaptureOutputsAfterExecutionStep.execute(CaptureOutputsAfterExecutionStep.java:46)
	at org.gradle.internal.execution.steps.ResolveInputChangesStep.execute(ResolveInputChangesStep.java:40)
	at org.gradle.internal.execution.steps.ResolveInputChangesStep.execute(ResolveInputChangesStep.java:29)
	at org.gradle.internal.execution.steps.BuildCacheStep.executeWithoutCache(BuildCacheStep.java:189)
	at org.gradle.internal.execution.steps.BuildCacheStep.lambda$execute$1(BuildCacheStep.java:75)
	at org.gradle.internal.Either$Right.fold(Either.java:175)
	at org.gradle.internal.execution.caching.CachingState.fold(CachingState.java:62)
	at org.gradle.internal.execution.steps.BuildCacheStep.execute(BuildCacheStep.java:73)
	at org.gradle.internal.execution.steps.BuildCacheStep.execute(BuildCacheStep.java:48)
	at org.gradle.internal.execution.steps.StoreExecutionStateStep.execute(StoreExecutionStateStep.java:46)
	at org.gradle.internal.execution.steps.StoreExecutionStateStep.execute(StoreExecutionStateStep.java:35)
	at org.gradle.internal.execution.steps.SkipUpToDateStep.executeBecause(SkipUpToDateStep.java:75)
	at org.gradle.internal.execution.steps.SkipUpToDateStep.lambda$execute$2(SkipUpToDateStep.java:53)
	at org.gradle.internal.execution.steps.SkipUpToDateStep.execute(SkipUpToDateStep.java:53)
	at org.gradle.internal.execution.steps.SkipUpToDateStep.execute(SkipUpToDateStep.java:35)
	at org.gradle.internal.execution.steps.legacy.MarkSnapshottingInputsFinishedStep.execute(MarkSnapshottingInputsFinishedStep.java:37)
	at org.gradle.internal.execution.steps.legacy.MarkSnapshottingInputsFinishedStep.execute(MarkSnapshottingInputsFinishedStep.java:27)
	at org.gradle.internal.execution.steps.ResolveIncrementalCachingStateStep.executeDelegate(ResolveIncrementalCachingStateStep.java:49)
	at org.gradle.internal.execution.steps.ResolveIncrementalCachingStateStep.executeDelegate(ResolveIncrementalCachingStateStep.java:27)
	at org.gradle.internal.execution.steps.AbstractResolveCachingStateStep.execute(AbstractResolveCachingStateStep.java:71)
	at org.gradle.internal.execution.steps.AbstractResolveCachingStateStep.execute(AbstractResolveCachingStateStep.java:39)
	at org.gradle.internal.execution.steps.ResolveChangesStep.execute(ResolveChangesStep.java:65)
	at org.gradle.internal.execution.steps.ResolveChangesStep.execute(ResolveChangesStep.java:36)
	at org.gradle.internal.execution.steps.ValidateStep.execute(ValidateStep.java:105)
	at org.gradle.internal.execution.steps.ValidateStep.execute(ValidateStep.java:54)
	at org.gradle.internal.execution.steps.AbstractCaptureStateBeforeExecutionStep.execute(AbstractCaptureStateBeforeExecutionStep.java:64)
	at org.gradle.internal.execution.steps.AbstractCaptureStateBeforeExecutionStep.execute(AbstractCaptureStateBeforeExecutionStep.java:43)
	at org.gradle.internal.execution.steps.AbstractSkipEmptyWorkStep.executeWithNonEmptySources(AbstractSkipEmptyWorkStep.java:125)
	at org.gradle.internal.execution.steps.AbstractSkipEmptyWorkStep.execute(AbstractSkipEmptyWorkStep.java:56)
	at org.gradle.internal.execution.steps.AbstractSkipEmptyWorkStep.execute(AbstractSkipEmptyWorkStep.java:36)
	at org.gradle.internal.execution.steps.legacy.MarkSnapshottingInputsStartedStep.execute(MarkSnapshottingInputsStartedStep.java:38)
	at org.gradle.internal.execution.steps.LoadPreviousExecutionStateStep.execute(LoadPreviousExecutionStateStep.java:36)
	at org.gradle.internal.execution.steps.LoadPreviousExecutionStateStep.execute(LoadPreviousExecutionStateStep.java:23)
	at org.gradle.internal.execution.steps.HandleStaleOutputsStep.execute(HandleStaleOutputsStep.java:75)
	at org.gradle.internal.execution.steps.HandleStaleOutputsStep.execute(HandleStaleOutputsStep.java:41)
	at org.gradle.internal.execution.steps.AssignMutableWorkspaceStep.lambda$execute$0(AssignMutableWorkspaceStep.java:35)
	at org.gradle.api.internal.tasks.execution.TaskExecution$4.withWorkspace(TaskExecution.java:289)
	at org.gradle.internal.execution.steps.AssignMutableWorkspaceStep.execute(AssignMutableWorkspaceStep.java:31)
	at org.gradle.internal.execution.steps.AssignMutableWorkspaceStep.execute(AssignMutableWorkspaceStep.java:22)
	at org.gradle.internal.execution.steps.ChoosePipelineStep.execute(ChoosePipelineStep.java:40)
	at org.gradle.internal.execution.steps.ChoosePipelineStep.execute(ChoosePipelineStep.java:23)
	at org.gradle.internal.execution.steps.ExecuteWorkBuildOperationFiringStep.lambda$execute$2(ExecuteWorkBuildOperationFiringStep.java:67)
	at org.gradle.internal.execution.steps.ExecuteWorkBuildOperationFiringStep.execute(ExecuteWorkBuildOperationFiringStep.java:67)
	at org.gradle.internal.execution.steps.ExecuteWorkBuildOperationFiringStep.execute(ExecuteWorkBuildOperationFiringStep.java:39)
	at org.gradle.internal.execution.steps.IdentityCacheStep.execute(IdentityCacheStep.java:46)
	at org.gradle.internal.execution.steps.IdentityCacheStep.execute(IdentityCacheStep.java:34)
	at org.gradle.internal.execution.steps.IdentifyStep.execute(IdentifyStep.java:48)
	at org.gradle.internal.execution.steps.IdentifyStep.execute(IdentifyStep.java:35)
	at org.gradle.internal.execution.impl.DefaultExecutionEngine$1.execute(DefaultExecutionEngine.java:61)
	at org.gradle.api.internal.tasks.execution.ExecuteActionsTaskExecuter.executeIfValid(ExecuteActionsTaskExecuter.java:127)
	at org.gradle.api.internal.tasks.execution.ExecuteActionsTaskExecuter.execute(ExecuteActionsTaskExecuter.java:116)
	at org.gradle.api.internal.tasks.execution.FinalizePropertiesTaskExecuter.execute(FinalizePropertiesTaskExecuter.java:46)
	at org.gradle.api.internal.tasks.execution.ResolveTaskExecutionModeExecuter.execute(ResolveTaskExecutionModeExecuter.java:51)
	at org.gradle.api.internal.tasks.execution.SkipTaskWithNoActionsExecuter.execute(SkipTaskWithNoActionsExecuter.java:57)
	at org.gradle.api.internal.tasks.execution.SkipOnlyIfTaskExecuter.execute(SkipOnlyIfTaskExecuter.java:74)
	at org.gradle.api.internal.tasks.execution.CatchExceptionTaskExecuter.execute(CatchExceptionTaskExecuter.java:36)
	at org.gradle.api.internal.tasks.execution.EventFiringTaskExecuter$1.executeTask(EventFiringTaskExecuter.java:77)
	at org.gradle.api.internal.tasks.execution.EventFiringTaskExecuter$1.call(EventFiringTaskExecuter.java:55)
	at org.gradle.api.internal.tasks.execution.EventFiringTaskExecuter$1.call(EventFiringTaskExecuter.java:52)
	at org.gradle.internal.operations.DefaultBuildOperationRunner$CallableBuildOperationWorker.execute(DefaultBuildOperationRunner.java:209)
	at org.gradle.internal.operations.DefaultBuildOperationRunner$CallableBuildOperationWorker.execute(DefaultBuildOperationRunner.java:204)
	at org.gradle.internal.operations.DefaultBuildOperationRunner$2.execute(DefaultBuildOperationRunner.java:66)
	at org.gradle.internal.operations.DefaultBuildOperationRunner$2.execute(DefaultBuildOperationRunner.java:59)
	at org.gradle.internal.operations.DefaultBuildOperationRunner.execute(DefaultBuildOperationRunner.java:166)
	at org.gradle.internal.operations.DefaultBuildOperationRunner.execute(DefaultBuildOperationRunner.java:59)
	at org.gradle.internal.operations.DefaultBuildOperationRunner.call(DefaultBuildOperationRunner.java:53)
	at org.gradle.api.internal.tasks.execution.EventFiringTaskExecuter.execute(EventFiringTaskExecuter.java:52)
	at org.gradle.execution.plan.LocalTaskNodeExecutor.execute(LocalTaskNodeExecutor.java:42)
	at org.gradle.execution.taskgraph.DefaultTaskExecutionGraph$InvokeNodeExecutorsAction.execute(DefaultTaskExecutionGraph.java:331)
	at org.gradle.execution.taskgraph.DefaultTaskExecutionGraph$InvokeNodeExecutorsAction.execute(DefaultTaskExecutionGraph.java:318)
	at org.gradle.execution.taskgraph.DefaultTaskExecutionGraph$BuildOperationAwareExecutionAction.lambda$execute$0(DefaultTaskExecutionGraph.java:314)
	at org.gradle.internal.operations.CurrentBuildOperationRef.with(CurrentBuildOperationRef.java:85)
	at org.gradle.execution.taskgraph.DefaultTaskExecutionGraph$BuildOperationAwareExecutionAction.execute(DefaultTaskExecutionGraph.java:314)
	at org.gradle.execution.taskgraph.DefaultTaskExecutionGraph$BuildOperationAwareExecutionAction.execute(DefaultTaskExecutionGraph.java:303)
	at org.gradle.execution.plan.DefaultPlanExecutor$ExecutorWorker.execute(DefaultPlanExecutor.java:459)
	at org.gradle.execution.plan.DefaultPlanExecutor$ExecutorWorker.run(DefaultPlanExecutor.java:376)
	at org.gradle.execution.plan.DefaultPlanExecutor.process(DefaultPlanExecutor.java:111)
	at org.gradle.execution.taskgraph.DefaultTaskExecutionGraph.executeWithServices(DefaultTaskExecutionGraph.java:138)
	at org.gradle.execution.taskgraph.DefaultTaskExecutionGraph.execute(DefaultTaskExecutionGraph.java:123)
	at org.gradle.execution.SelectedTaskExecutionAction.execute(SelectedTaskExecutionAction.java:35)
	at org.gradle.execution.DryRunBuildExecutionAction.execute(DryRunBuildExecutionAction.java:51)
	at org.gradle.execution.BuildOperationFiringBuildWorkerExecutor$ExecuteTasks.call(BuildOperationFiringBuildWorkerExecutor.java:54)
	at org.gradle.execution.BuildOperationFiringBuildWorkerExecutor$ExecuteTasks.call(BuildOperationFiringBuildWorkerExecutor.java:43)
	at org.gradle.internal.operations.DefaultBuildOperationRunner$CallableBuildOperationWorker.execute(DefaultBuildOperationRunner.java:209)
	at org.gradle.internal.operations.DefaultBuildOperationRunner$CallableBuildOperationWorker.execute(DefaultBuildOperationRunner.java:204)
	at org.gradle.internal.operations.DefaultBuildOperationRunner$2.execute(DefaultBuildOperationRunner.java:66)
	at org.gradle.internal.operations.DefaultBuildOperationRunner$2.execute(DefaultBuildOperationRunner.java:59)
	at org.gradle.internal.operations.DefaultBuildOperationRunner.execute(DefaultBuildOperationRunner.java:166)
	at org.gradle.internal.operations.DefaultBuildOperationRunner.execute(DefaultBuildOperationRunner.java:59)
	at org.gradle.internal.operations.DefaultBuildOperationRunner.call(DefaultBuildOperationRunner.java:53)
	at org.gradle.execution.BuildOperationFiringBuildWorkerExecutor.execute(BuildOperationFiringBuildWorkerExecutor.java:40)
	at org.gradle.internal.build.DefaultBuildLifecycleController.lambda$executeTasks$10(DefaultBuildLifecycleController.java:313)
	at org.gradle.internal.model.StateTransitionController.doTransition(StateTransitionController.java:266)
	at org.gradle.internal.model.StateTransitionController.lambda$tryTransition$8(StateTransitionController.java:177)
	at org.gradle.internal.work.DefaultSynchronizer.withLock(DefaultSynchronizer.java:44)
	at org.gradle.internal.model.StateTransitionController.tryTransition(StateTransitionController.java:177)
	at org.gradle.internal.build.DefaultBuildLifecycleController.executeTasks(DefaultBuildLifecycleController.java:304)
	at org.gradle.internal.build.DefaultBuildWorkGraphController$DefaultBuildWorkGraph.runWork(DefaultBuildWorkGraphController.java:220)
	at org.gradle.internal.work.DefaultWorkerLeaseService.withLocks(DefaultWorkerLeaseService.java:267)
	at org.gradle.internal.work.DefaultWorkerLeaseService.runAsWorkerThread(DefaultWorkerLeaseService.java:131)
	at org.gradle.composite.internal.DefaultBuildController.doRun(DefaultBuildController.java:181)
	at org.gradle.composite.internal.DefaultBuildController.access$000(DefaultBuildController.java:50)
	at org.gradle.composite.internal.DefaultBuildController$BuildOpRunnable.lambda$run$0(DefaultBuildController.java:198)
	at org.gradle.internal.operations.CurrentBuildOperationRef.with(CurrentBuildOperationRef.java:85)
	at org.gradle.composite.internal.DefaultBuildController$BuildOpRunnable.run(DefaultBuildController.java:198)
	at org.gradle.internal.concurrent.ExecutorPolicy$CatchAndRecordFailures.onExecute(ExecutorPolicy.java:64)
	at org.gradle.internal.concurrent.AbstractManagedExecutor$1.run(AbstractManagedExecutor.java:48)
Caused by: com.android.ide.common.process.ProcessException: ninja: Entering directory `/home/oznfc/workdir/nexa/test/nexa-sdk/android/llama/.cxx/Release/1eax632l/x86_64'
[1/2] Building CXX object CMakeFiles/deepseek-android.dir/deepseek-android.cpp.o
FAILED: CMakeFiles/deepseek-android.dir/deepseek-android.cpp.o 
/home/oznfc/Android/Sdk/ndk/27.0.12077973/toolchains/llvm/prebuilt/linux-x86_64/bin/clang++ --target=x86_64-none-linux-android33 --sysroot=/home/oznfc/Android/Sdk/ndk/27.0.12077973/toolchains/llvm/prebuilt/linux-x86_64/sysroot -DGGML_BACKEND_SHARED -DGGML_SHARED -DGGML_USE_CPU -DLLAMA_SHARED -Ddeepseek_android_EXPORTS -I/home/oznfc/workdir/nexa/test/nexa-sdk/android/llama/.cxx/Release/1eax632l/x86_64/_deps/json-src/include -I/home/oznfc/workdir/nexa/test/nexa-sdk/android/llama/.cxx/Release/1eax632l/x86_64/_deps/llama-src/src/. -I/home/oznfc/workdir/nexa/test/nexa-sdk/android/llama/.cxx/Release/1eax632l/x86_64/_deps/llama-src/src/../include -I/home/oznfc/workdir/nexa/test/nexa-sdk/android/llama/.cxx/Release/1eax632l/x86_64/_deps/llama-src/src/../common -I/home/oznfc/workdir/nexa/test/nexa-sdk/android/llama/.cxx/Release/1eax632l/x86_64/_deps/llama-src/ggml/src/../include -I/home/oznfc/workdir/nexa/test/nexa-sdk/android/llama/.cxx/Release/1eax632l/x86_64/_deps/llama-src/common/. -g -DANDROID -fdata-sections -ffunction-sections -funwind-tables -fstack-protector-strong -no-canonical-prefixes -D_FORTIFY_SOURCE=2 -Wformat -Werror=format-security   -O3 -DNDEBUG  -fPIC -pthread -MD -MT CMakeFiles/deepseek-android.dir/deepseek-android.cpp.o -MF CMakeFiles/deepseek-android.dir/deepseek-android.cpp.o.d -o CMakeFiles/deepseek-android.dir/deepseek-android.cpp.o -c /home/oznfc/workdir/nexa/test/nexa-sdk/android/llama/src/main/cpp/deepseek-android.cpp
In file included from /home/oznfc/workdir/nexa/test/nexa-sdk/android/llama/src/main/cpp/deepseek-android.cpp:8:
/home/oznfc/workdir/nexa/test/nexa-sdk/android/llama/src/main/cpp/deepseek-wrapper.cpp:40:52: error: no member named 'thread' in namespace 'std'
   40 |     int32_t n_threads = std::min(4, (int32_t) std::thread::hardware_concurrency());
      |                                               ~~~~~^
/home/oznfc/workdir/nexa/test/nexa-sdk/android/llama/src/main/cpp/deepseek-wrapper.cpp:56:13: warning: 'llama_load_model_from_file' is deprecated: use llama_model_load_from_file instead [-Wdeprecated-declarations]
   56 |     model = llama_load_model_from_file(model_path, model_params);
      |             ^
/home/oznfc/workdir/nexa/test/nexa-sdk/android/llama/.cxx/Release/1eax632l/x86_64/_deps/llama-src/src/../include/llama.h:414:5: note: 'llama_load_model_from_file' has been explicitly marked deprecated here
  414 |     DEPRECATED(LLAMA_API struct llama_model * llama_load_model_from_file(
      |     ^
/home/oznfc/workdir/nexa/test/nexa-sdk/android/llama/.cxx/Release/1eax632l/x86_64/_deps/llama-src/src/../include/llama.h:28:56: note: expanded from macro 'DEPRECATED'
   28 | #    define DEPRECATED(func, hint) func __attribute__((deprecated(hint)))
      |                                                        ^
In file included from /home/oznfc/workdir/nexa/test/nexa-sdk/android/llama/src/main/cpp/deepseek-android.cpp:8:
/home/oznfc/workdir/nexa/test/nexa-sdk/android/llama/src/main/cpp/deepseek-wrapper.cpp:80:22: warning: 'llama_new_context_with_model' is deprecated: use llama_init_from_model instead [-Wdeprecated-declarations]
   80 |     ctx->ctx_llama = llama_new_context_with_model(model, ctx_params);
      |                      ^
/home/oznfc/workdir/nexa/test/nexa-sdk/android/llama/.cxx/Release/1eax632l/x86_64/_deps/llama-src/src/../include/llama.h:442:5: note: 'llama_new_context_with_model' has been explicitly marked deprecated here
  442 |     DEPRECATED(LLAMA_API struct llama_context * llama_new_context_with_model(
      |     ^
/home/oznfc/workdir/nexa/test/nexa-sdk/android/llama/.cxx/Release/1eax632l/x86_64/_deps/llama-src/src/../include/llama.h:28:56: note: expanded from macro 'DEPRECATED'
   28 | #    define DEPRECATED(func, hint) func __attribute__((deprecated(hint)))
      |                                                        ^
In file included from /home/oznfc/workdir/nexa/test/nexa-sdk/android/llama/src/main/cpp/deepseek-android.cpp:8:
/home/oznfc/workdir/nexa/test/nexa-sdk/android/llama/src/main/cpp/deepseek-wrapper.cpp:101:9: warning: 'llama_free_model' is deprecated: use llama_model_free instead [-Wdeprecated-declarations]
  101 |         llama_free_model(model);
      |         ^
/home/oznfc/workdir/nexa/test/nexa-sdk/android/llama/.cxx/Release/1eax632l/x86_64/_deps/llama-src/src/../include/llama.h:433:5: note: 'llama_free_model' has been explicitly marked deprecated here
  433 |     DEPRECATED(LLAMA_API void llama_free_model(struct llama_model * model),
      |     ^
/home/oznfc/workdir/nexa/test/nexa-sdk/android/llama/.cxx/Release/1eax632l/x86_64/_deps/llama-src/src/../include/llama.h:28:56: note: expanded from macro 'DEPRECATED'
   28 | #    define DEPRECATED(func, hint) func __attribute__((deprecated(hint)))
      |                                                        ^
/home/oznfc/workdir/nexa/test/nexa-sdk/android/llama/src/main/cpp/deepseek-android.cpp:43:5: error: use of undeclared identifier 'eval_string'
   43 |     eval_string(ctx_deepseek->ctx_llama, params.prompt.c_str(), params.n_batch, n_past, true);
      |     ^
/home/oznfc/workdir/nexa/test/nexa-sdk/android/llama/src/main/cpp/deepseek-android.cpp:45:36: error: use of undeclared identifier 'common_sampler_init'
   45 |     struct common_sampler * smpl = common_sampler_init(ctx_deepseek->model, params.sampling);
      |                                    ^
/home/oznfc/workdir/nexa/test/nexa-sdk/android/llama/src/main/cpp/deepseek-android.cpp:60:24: error: use of undeclared identifier 'sample'
   60 |     const char * tmp = sample(sampler, ctx_deepseek->ctx_llama, n_past);
      |                        ^
/home/oznfc/workdir/nexa/test/nexa-sdk/android/llama/src/main/cpp/deepseek-android.cpp:70:5: error: use of undeclared identifier 'common_sampler_free'; did you mean 'common_sampler_type'?
   70 |     common_sampler_free(sampler);
      |     ^
/home/oznfc/workdir/nexa/test/nexa-sdk/android/llama/.cxx/Release/1eax632l/x86_64/_deps/llama-src/src/../common/common.h:87:6: note: 'common_sampler_type' declared here
   87 | enum common_sampler_type {
      |      ^
3 warnings and 5 errors generated.
ninja: build stopped: subcommand failed.

C++ build system [build] failed while executing:
    /home/oznfc/Android/Sdk/cmake/3.22.1/bin/ninja \
      -C \
      /home/oznfc/workdir/nexa/test/nexa-sdk/android/llama/.cxx/Release/1eax632l/x86_64 \
      audio-android \
      deepseek-android \
      ggml \
      ggml-base \
      ggml-cpu \
      llama \
      llama-android \
      llama-llava-cli \
      llama-llava-clip-quantize-cli \
      llama-minicpmv-cli \
      llama-qwen2vl-cli \
      llava_shared \
      nexa-omni-cli \
      omni-android \
      omni-vlm-cli \
      omni_audio_shared \
      omni_vlm_shared \
      omni_vlm_wrapper_shared
  from /home/oznfc/workdir/nexa/test/nexa-sdk/android/llama
	at com.android.build.gradle.internal.cxx.process.ExecuteProcessKt.execute(ExecuteProcess.kt:288)
	at com.android.build.gradle.internal.cxx.process.ExecuteProcessKt$executeProcess$1.invoke(ExecuteProcess.kt:108)
	at com.android.build.gradle.internal.cxx.process.ExecuteProcessKt$executeProcess$1.invoke(ExecuteProcess.kt:106)
	at com.android.build.gradle.internal.cxx.timing.TimingEnvironmentKt.time(TimingEnvironment.kt:32)
	at com.android.build.gradle.internal.cxx.process.ExecuteProcessKt.executeProcess(ExecuteProcess.kt:106)
	at com.android.build.gradle.internal.cxx.process.ExecuteProcessKt.executeProcess$default(ExecuteProcess.kt:85)
	at com.android.build.gradle.internal.cxx.build.CxxRegularBuilder.executeProcessBatch(CxxRegularBuilder.kt:332)
	at com.android.build.gradle.internal.cxx.build.CxxRegularBuilder.build(CxxRegularBuilder.kt:129)
	at com.android.build.gradle.tasks.ExternalNativeBuildTask.doTaskAction(ExternalNativeBuildTask.kt:72)
	at com.android.build.gradle.internal.tasks.UnsafeOutputsTask$taskAction$$inlined$recordTaskAction$1.invoke(BaseTask.kt:78)
	at com.android.build.gradle.internal.tasks.Blocks.recordSpan(Blocks.java:51)
	at com.android.build.gradle.internal.tasks.UnsafeOutputsTask.taskAction(UnsafeOutputsTask.kt:81)
	at java.base/jdk.internal.reflect.DirectMethodHandleAccessor.invoke(Unknown Source)
	at org.gradle.internal.reflect.JavaMethod.invoke(JavaMethod.java:125)
	... 145 more
Caused by: com.android.ide.common.process.ProcessException: Error while executing process /home/oznfc/Android/Sdk/cmake/3.22.1/bin/ninja with arguments {-C /home/oznfc/workdir/nexa/test/nexa-sdk/android/llama/.cxx/Release/1eax632l/x86_64 audio-android deepseek-android ggml ggml-base ggml-cpu llama llama-android llama-llava-cli llama-llava-clip-quantize-cli llama-minicpmv-cli llama-qwen2vl-cli llava_shared nexa-omni-cli omni-android omni-vlm-cli omni_audio_shared omni_vlm_shared omni_vlm_wrapper_shared}
	at com.android.build.gradle.internal.process.GradleProcessResult.buildProcessException(GradleProcessResult.java:73)
	at com.android.build.gradle.internal.process.GradleProcessResult.assertNormalExitValue(GradleProcessResult.java:48)
	at com.android.build.gradle.internal.cxx.process.ExecuteProcessKt.execute(ExecuteProcess.kt:277)
	... 158 more
Caused by: org.gradle.process.internal.ExecException: Process 'command '/home/oznfc/Android/Sdk/cmake/3.22.1/bin/ninja'' finished with non-zero exit value 1
	at org.gradle.process.internal.DefaultExecHandle$ExecResultImpl.assertNormalExitValue(DefaultExecHandle.java:442)
	at com.android.build.gradle.internal.process.GradleProcessResult.assertNormalExitValue(GradleProcessResult.java:46)
	... 159 more


Deprecated Gradle features were used in this build, making it incompatible with Gradle 9.0.

You can use '--warning-mode all' to show the individual deprecation warnings and determine if they come from your own scripts or plugins.

For more on this, please refer to https://docs.gradle.org/8.9/userguide/command_line_interface.html#sec:command_line_warnings in the Gradle documentation.

BUILD FAILED in 3s
54 actionable tasks: 4 executed, 50 up-to-date


